<?xml version="1.0" encoding="UTF-8"?>
<testng-results skipped="0" failed="1" ignored="0" total="1" passed="0">
  <reporter-output>
  </reporter-output>
  <suite name="Default suite" duration-ms="18624" started-at="2018-12-11T17:22:09Z" finished-at="2018-12-11T17:22:28Z">
    <groups>
    </groups>
    <test name="Default test" duration-ms="18624" started-at="2018-12-11T17:22:09Z" finished-at="2018-12-11T17:22:28Z">
      <class name="com.cyber.zohopublic.googleSearchTest">
        <test-method status="PASS" signature="beforeTest()[pri:0, instance:com.cyber.zohopublic.googleSearchTest@5e3a8624]" name="beforeTest" is-config="true" duration-ms="7379" started-at="2018-12-11T17:22:09Z" finished-at="2018-12-11T17:22:16Z">
          <reporter-output>
          </reporter-output>
        </test-method> <!-- beforeTest -->
        <test-method status="FAIL" signature="searchResults()[pri:0, instance:com.cyber.zohopublic.googleSearchTest@5e3a8624]" name="searchResults" duration-ms="10191" started-at="2018-12-11T17:22:16Z" finished-at="2018-12-11T17:22:27Z">
          <exception class="java.io.FileNotFoundException">
            <message>
              <![CDATA[C:\Users\kbaialiev\Desktop\testing-maven\excelsearch\TestData\googleSearch.xlsx (The process cannot access the file because it is being used by another process)]]>
            </message>
            <full-stacktrace>
              <![CDATA[java.io.FileNotFoundException: C:\Users\kbaialiev\Desktop\testing-maven\excelsearch\TestData\googleSearch.xlsx (The process cannot access the file because it is being used by another process)
at java.io.FileOutputStream.open0(Native Method)
at java.io.FileOutputStream.open(Unknown Source)
at java.io.FileOutputStream.<init>(Unknown Source)
at java.io.FileOutputStream.<init>(Unknown Source)
at com.cyber.zohopublic.googleSearchTest.searchResults(googleSearchTest.java:69)
at sun.reflect.NativeMethodAccessorImpl.invoke0(Native Method)
at sun.reflect.NativeMethodAccessorImpl.invoke(Unknown Source)
at sun.reflect.DelegatingMethodAccessorImpl.invoke(Unknown Source)
at java.lang.reflect.Method.invoke(Unknown Source)
at org.testng.internal.MethodInvocationHelper.invokeMethod(MethodInvocationHelper.java:124)
at org.testng.internal.Invoker.invokeMethod(Invoker.java:583)
at org.testng.internal.Invoker.invokeTestMethod(Invoker.java:719)
at org.testng.internal.Invoker.invokeTestMethods(Invoker.java:989)
at org.testng.internal.TestMethodWorker.invokeTestMethods(TestMethodWorker.java:125)
at org.testng.internal.TestMethodWorker.run(TestMethodWorker.java:109)
at org.testng.TestRunner.privateRun(TestRunner.java:648)
at org.testng.TestRunner.run(TestRunner.java:505)
at org.testng.SuiteRunner.runTest(SuiteRunner.java:455)
at org.testng.SuiteRunner.runSequentially(SuiteRunner.java:450)
at org.testng.SuiteRunner.privateRun(SuiteRunner.java:415)
at org.testng.SuiteRunner.run(SuiteRunner.java:364)
at org.testng.SuiteRunnerWorker.runSuite(SuiteRunnerWorker.java:52)
at org.testng.SuiteRunnerWorker.run(SuiteRunnerWorker.java:84)
at org.testng.TestNG.runSuitesSequentially(TestNG.java:1208)
at org.testng.TestNG.runSuitesLocally(TestNG.java:1137)
at org.testng.TestNG.runSuites(TestNG.java:1049)
at org.testng.TestNG.run(TestNG.java:1017)
at org.testng.remote.AbstractRemoteTestNG.run(AbstractRemoteTestNG.java:114)
at org.testng.remote.RemoteTestNG.initAndRun(RemoteTestNG.java:251)
at org.testng.remote.RemoteTestNG.main(RemoteTestNG.java:77)
]]>
            </full-stacktrace>
          </exception> <!-- java.io.FileNotFoundException -->
          <reporter-output>
          </reporter-output>
        </test-method> <!-- searchResults -->
        <test-method status="PASS" signature="afterTest()[pri:0, instance:com.cyber.zohopublic.googleSearchTest@5e3a8624]" name="afterTest" is-config="true" duration-ms="928" started-at="2018-12-11T17:22:27Z" finished-at="2018-12-11T17:22:28Z">
          <reporter-output>
          </reporter-output>
        </test-method> <!-- afterTest -->
      </class> <!-- com.cyber.zohopublic.googleSearchTest -->
    </test> <!-- Default test -->
  </suite> <!-- Default suite -->
</testng-results>
